<?xml version="1.0" encoding="UTF-8"?>
<testng-results skipped="1" failed="0" total="1" passed="0">
  <reporter-output>
  </reporter-output>
  <suite name="Default suite" duration-ms="3750" started-at="2016-10-05T11:23:54Z" finished-at="2016-10-05T11:23:58Z">
    <groups>
    </groups>
    <test name="Default test" duration-ms="3750" started-at="2016-10-05T11:23:54Z" finished-at="2016-10-05T11:23:58Z">
      <class name="com.db.test.DbTester">
        <test-method status="FAIL" signature="intialize()[pri:0, instance:com.db.test.DbTester@13805618]" name="intialize" is-config="true" duration-ms="0" started-at="2016-10-05T16:53:54Z" finished-at="2016-10-05T16:53:54Z">
          <exception class="org.apache.openejb.OpenEjbContainer$InvalidApplicationException">
            <message>
              <![CDATA[org.apache.openejb.config.ValidationFailedException: Module failed validation. AppModule(name=)]]>
            </message>
            <full-stacktrace>
              <![CDATA[org.apache.openejb.OpenEjbContainer$InvalidApplicationException: org.apache.openejb.config.ValidationFailedException: Module failed validation. AppModule(name=)
	at org.apache.openejb.OpenEjbContainer$Provider.createEJBContainer(OpenEjbContainer.java:291)
	at javax.ejb.embeddable.EJBContainer.createEJBContainer(EJBContainer.java:56)
	at javax.ejb.embeddable.EJBContainer.createEJBContainer(EJBContainer.java:43)
	at com.db.test.DbTester.intialize(DbTester.java:196)
	at sun.reflect.NativeMethodAccessorImpl.invoke0(Native Method)
	at sun.reflect.NativeMethodAccessorImpl.invoke(NativeMethodAccessorImpl.java:62)
	at sun.reflect.DelegatingMethodAccessorImpl.invoke(DelegatingMethodAccessorImpl.java:43)
	at java.lang.reflect.Method.invoke(Method.java:498)
	at org.testng.internal.MethodInvocationHelper.invokeMethod(MethodInvocationHelper.java:84)
	at org.testng.internal.Invoker.invokeConfigurationMethod(Invoker.java:564)
	at org.testng.internal.Invoker.invokeConfigurations(Invoker.java:213)
	at org.testng.internal.Invoker.invokeConfigurations(Invoker.java:138)
	at org.testng.internal.TestMethodWorker.invokeBeforeClassMethods(TestMethodWorker.java:175)
	at org.testng.internal.TestMethodWorker.run(TestMethodWorker.java:107)
	at org.testng.TestRunner.privateRun(TestRunner.java:767)
	at org.testng.TestRunner.run(TestRunner.java:617)
	at org.testng.SuiteRunner.runTest(SuiteRunner.java:348)
	at org.testng.SuiteRunner.runSequentially(SuiteRunner.java:343)
	at org.testng.SuiteRunner.privateRun(SuiteRunner.java:305)
	at org.testng.SuiteRunner.run(SuiteRunner.java:254)
	at org.testng.SuiteRunnerWorker.runSuite(SuiteRunnerWorker.java:52)
	at org.testng.SuiteRunnerWorker.run(SuiteRunnerWorker.java:86)
	at org.testng.TestNG.runSuitesSequentially(TestNG.java:1224)
	at org.testng.TestNG.runSuitesLocally(TestNG.java:1149)
	at org.testng.TestNG.run(TestNG.java:1057)
	at org.testng.remote.AbstractRemoteTestNG.run(AbstractRemoteTestNG.java:126)
	at org.testng.remote.RemoteTestNG.initAndRun(RemoteTestNG.java:152)
	at org.testng.remote.RemoteTestNG.main(RemoteTestNG.java:57)
Caused by: org.apache.openejb.config.ValidationFailedException: Module failed validation. AppModule(name=)
	at org.apache.openejb.config.ReportValidationResults.deploy(ReportValidationResults.java:82)
	at org.apache.openejb.config.AppInfoBuilder.build(AppInfoBuilder.java:266)
	at org.apache.openejb.config.ConfigurationFactory.configureApplication(ConfigurationFactory.java:795)
	at org.apache.openejb.OpenEjbContainer$Provider.createEJBContainer(OpenEjbContainer.java:285)
	... 27 more
]]>
            </full-stacktrace>
          </exception> <!-- org.apache.openejb.OpenEjbContainer$InvalidApplicationException -->
          <reporter-output>
          </reporter-output>
        </test-method> <!-- intialize -->
        <test-method status="SKIP" signature="test2()[pri:0, instance:com.db.test.DbTester@13805618]" name="test2" duration-ms="1" started-at="2016-10-05T16:53:58Z" finished-at="2016-10-05T16:53:58Z">
          <reporter-output>
          </reporter-output>
        </test-method> <!-- test2 -->
      </class> <!-- com.db.test.DbTester -->
    </test> <!-- Default test -->
  </suite> <!-- Default suite -->
</testng-results>
